{
  "RSpec": {
    "coverage": {
      "/Users/williamweston/Turing/3-mod/midmod/mm-food-2307/app/controllers/foods_controller.rb": {
        "lines": [
          1,
          1,
          2,
          2,
          2,
          null,
          null,
          null
        ]
      },
      "/Users/williamweston/Turing/3-mod/midmod/mm-food-2307/app/controllers/application_controller.rb": {
        "lines": [
          1,
          null
        ]
      },
      "/Users/williamweston/Turing/3-mod/midmod/mm-food-2307/spec/facades/food_facade_spec.rb": {
        "lines": [
          1,
          null,
          1,
          1,
          1,
          null,
          1,
          1,
          null,
          null
        ]
      },
      "/Users/williamweston/Turing/3-mod/midmod/mm-food-2307/app/facades/food_facade.rb": {
        "lines": [
          1,
          1,
          3,
          3,
          null,
          3,
          150,
          null,
          null,
          null,
          1,
          2,
          2,
          null,
          null
        ]
      },
      "/Users/williamweston/Turing/3-mod/midmod/mm-food-2307/spec/features/search_spec.rb": {
        "lines": [
          1,
          null,
          1,
          1,
          1,
          1,
          null,
          1,
          1,
          null,
          1,
          1,
          1,
          1,
          1,
          1,
          null,
          null,
          null
        ]
      },
      "/Users/williamweston/Turing/3-mod/midmod/mm-food-2307/spec/poros/food_data_spec.rb": {
        "lines": [
          1,
          null,
          1,
          1,
          null,
          1,
          null,
          null,
          null,
          null,
          null,
          1,
          null,
          1,
          1,
          1,
          1,
          1,
          1,
          null,
          null
        ]
      },
      "/Users/williamweston/Turing/3-mod/midmod/mm-food-2307/app/poros/food_data.rb": {
        "lines": [
          1,
          1,
          null,
          1,
          151,
          151,
          151,
          151,
          151,
          151,
          null,
          null
        ]
      },
      "/Users/williamweston/Turing/3-mod/midmod/mm-food-2307/spec/services/food_data_service_spec.rb": {
        "lines": [
          1,
          null,
          1,
          1,
          1,
          1,
          1,
          null,
          1,
          1,
          1,
          1,
          1,
          1,
          1,
          null,
          null,
          null
        ]
      },
      "/Users/williamweston/Turing/3-mod/midmod/mm-food-2307/app/services/food_data_service.rb": {
        "lines": [
          1,
          1,
          null,
          1,
          null,
          1,
          6,
          6,
          null,
          null,
          null,
          1,
          6,
          6,
          null,
          null,
          6,
          6,
          null,
          null,
          null,
          null,
          null,
          1,
          2,
          2,
          null,
          1,
          null,
          1,
          6,
          null,
          null
        ]
      },
      "/Users/williamweston/Turing/3-mod/midmod/mm-food-2307/app/controllers/welcome_controller.rb": {
        "lines": [
          1,
          1,
          null,
          null
        ]
      }
    },
    "timestamp": 1698422102
  }
}
